<?xml version="1.0" encoding="UTF-8"?>
<!-- Generated by org.testng.reporters.JUnitReportReporter -->
<testsuite hostname="DESKTOP-KH4VMSS" failures="0" tests="1" name="test.day2" time="0.003" errors="0" timestamp="2024-02-20T18:51:02 IST" skipped="0">
  <testcase classname="test.day2" name="ploan" time="0.003"/>
</testsuite> <!-- test.day2 -->
