<?xml version="1.0" encoding="UTF-8"?>
<!-- Generated by org.testng.reporters.JUnitReportReporter -->
<testsuite hostname="DESKTOP-KH4VMSS" failures="0" tests="6" name="test.day3" time="0.139" errors="0" timestamp="2024-02-20T18:51:02 IST" skipped="1">
  <testcase classname="test.day3" name="MobilesignoutcarLoan" time="0.011"/>
  <testcase classname="test.day3" name="MobilesignoutcarLoan" time="0.009"/>
  <testcase classname="test.day3" name="WebloginCarLoan" time="0.008"/>
  <testcase classname="test.day3" name="MobileLogincarLoan" time="0.099"/>
  <testcase classname="test.day3" name="MobilesignoutcarLoan" time="0.012"/>
  <testcase classname="test.day3" name="MobilesignimcarLoan">
    <skipped/>
  </testcase> <!-- MobilesignimcarLoan -->
</testsuite> <!-- test.day3 -->
