<?xml version="1.0" encoding="UTF-8"?>
<!-- Generated by org.testng.reporters.JUnitReportReporter -->
<testsuite hostname="DESKTOP-KH4VMSS" failures="0" tests="1" name="test.day1" time="0.007" errors="0" timestamp="2024-02-20T18:51:02 IST" skipped="0">
  <testcase classname="test.day1" name="Demo" time="0.007"/>
</testsuite> <!-- test.day1 -->
