<?xml version="1.0" encoding="UTF-8"?>
<!-- Generated by org.testng.reporters.JUnitReportReporter -->
<testsuite hostname="DESKTOP-KH4VMSS" failures="0" tests="3" name="test.day4" time="0.085" errors="0" timestamp="2024-02-20T18:51:02 IST" skipped="0">
  <testcase classname="test.day4" name="LoginAPIHomeLoan" time="0.076"/>
  <testcase classname="test.day4" name="MobileLoginHomeLoan" time="0.001"/>
  <testcase classname="test.day4" name="WebloginHomeLoan" time="0.008"/>
</testsuite> <!-- test.day4 -->
